<?xml version="1.0" encoding="UTF-8"?>
<!-- Generated by org.testng.reporters.JUnitXMLReporter -->
<testsuite hostname="DESKTOP-IDDQD" ignored="0" name="Test 1 2" tests="2" failures="0" timestamp="07 мая 2019 10:30:12 GMT" time="6.518" errors="0">
  <testcase name="@BeforeClass startTest" time="0.004" classname="tests.Test2">
    <failure type="org.openqa.selenium.NoSuchSessionException" message="Session ID is null. Using WebDriver after calling quit()?
Build info: version: &amp;apos;3.4.0&amp;apos;, revision: &amp;apos;unknown&amp;apos;, time: &amp;apos;unknown&amp;apos;
System info: host: &amp;apos;DESKTOP-IDDQD&amp;apos;, ip: &amp;apos;192.168.17.1&amp;apos;, os.name: &amp;apos;Windows 10&amp;apos;, os.arch: &amp;apos;amd64&amp;apos;, os.version: &amp;apos;10.0&amp;apos;, java.version: &amp;apos;1.8.0_121&amp;apos;
Driver info: driver.version: RemoteWebDriver">
      <![CDATA[org.openqa.selenium.NoSuchSessionException: Session ID is null. Using WebDriver after calling quit()?Build info: version: '3.4.0', revision: 'unknown', time: 'unknown'System info: host: 'DESKTOP-IDDQD', ip: '192.168.17.1', os.name: 'Windows 10', os.arch: 'amd64', os.version: '10.0', java.version: '1.8.0_121'Driver info: driver.version: RemoteWebDriverat org.openqa.selenium.remote.HttpCommandExecutor.execute(HttpCommandExecutor.java:131)at org.openqa.selenium.remote.service.DriverCommandExecutor.execute(DriverCommandExecutor.java:82)at org.openqa.selenium.remote.RemoteWebDriver.execute(RemoteWebDriver.java:637)at org.openqa.selenium.remote.RemoteWebDriver$RemoteWebDriverOptions$RemoteTimeouts.implicitlyWait(RemoteWebDriver.java:868)at tests.Test2.startTest(Test2.java:34)... Removed 26 stack frames]]>
    </failure>
  </testcase> <!-- @BeforeClass startTest -->
  <testcase name="@AfterClass tearDown" time="0.0" classname="tests.Test2">
    <skipped/>
  </testcase> <!-- @AfterClass tearDown -->
  <testcase name="testSearchForWord" time="0.117" classname="tests.Test1"/>
  <testcase name="testSearchForLink" time="0.0" classname="tests.Test2">
    <skipped/>
  </testcase> <!-- testSearchForLink -->
</testsuite> <!-- Test 1 2 -->
