<?xml version="1.0" encoding="UTF-8"?>
<testng-results skipped="0" failed="1" ignored="1" total="2" passed="0">
  <reporter-output>
  </reporter-output>
  <suite name="Default suite" duration-ms="16169" started-at="2018-06-18T09:08:23Z" finished-at="2018-06-18T09:08:39Z">
    <groups>
    </groups>
    <test name="Default test" duration-ms="16169" started-at="2018-06-18T09:08:23Z" finished-at="2018-06-18T09:08:39Z">
      <class name="tests.TestSet">
        <test-method status="PASS" signature="startDriver()[pri:0, instance:tests.TestSet@1be2019a]" name="startDriver" is-config="true" duration-ms="38" started-at="2018-06-18T12:08:23Z" finished-at="2018-06-18T12:08:23Z">
          <reporter-output>
          </reporter-output>
        </test-method> <!-- startDriver -->
        <test-method status="PASS" signature="startTest()[pri:0, instance:tests.TestSet@1be2019a]" name="startTest" is-config="true" duration-ms="2552" started-at="2018-06-18T12:08:23Z" finished-at="2018-06-18T12:08:26Z">
          <reporter-output>
          </reporter-output>
        </test-method> <!-- startTest -->
        <test-method status="FAIL" signature="testSearchForLink()[pri:0, instance:tests.TestSet@1be2019a]" name="testSearchForLink" duration-ms="11475" started-at="2018-06-18T12:08:26Z" finished-at="2018-06-18T12:08:37Z">
          <exception class="java.lang.AssertionError">
            <message>
              <![CDATA[expected [true] but found [false]]]>
            </message>
            <full-stacktrace>
              <![CDATA[java.lang.AssertionError: expected [true] but found [false]at org.testng.Assert.fail(Assert.java:96)at org.testng.Assert.failNotEquals(Assert.java:776)at org.testng.Assert.assertTrue(Assert.java:44)at org.testng.Assert.assertTrue(Assert.java:54)at tests.TestSet.testSearchForLink(TestSet.java:88)at sun.reflect.NativeMethodAccessorImpl.invoke0(Native Method)at sun.reflect.NativeMethodAccessorImpl.invoke(NativeMethodAccessorImpl.java:62)at sun.reflect.DelegatingMethodAccessorImpl.invoke(DelegatingMethodAccessorImpl.java:43)at java.lang.reflect.Method.invoke(Method.java:498)at org.testng.internal.MethodInvocationHelper.invokeMethod(MethodInvocationHelper.java:124)at org.testng.internal.Invoker.invokeMethod(Invoker.java:571)at org.testng.internal.Invoker.invokeTestMethod(Invoker.java:707)at org.testng.internal.Invoker.invokeTestMethods(Invoker.java:979)at org.testng.internal.TestMethodWorker.invokeTestMethods(TestMethodWorker.java:125)at org.testng.internal.TestMethodWorker.run(TestMethodWorker.java:109)at org.testng.TestRunner.privateRun(TestRunner.java:648)at org.testng.TestRunner.run(TestRunner.java:505)at org.testng.SuiteRunner.runTest(SuiteRunner.java:455)at org.testng.SuiteRunner.runSequentially(SuiteRunner.java:450)at org.testng.SuiteRunner.privateRun(SuiteRunner.java:415)at org.testng.SuiteRunner.run(SuiteRunner.java:364)at org.testng.SuiteRunnerWorker.runSuite(SuiteRunnerWorker.java:52)at org.testng.SuiteRunnerWorker.run(SuiteRunnerWorker.java:84)at org.testng.TestNG.runSuitesSequentially(TestNG.java:1187)at org.testng.TestNG.runSuitesLocally(TestNG.java:1116)at org.testng.TestNG.runSuites(TestNG.java:1028)at org.testng.TestNG.run(TestNG.java:996)at org.testng.remote.AbstractRemoteTestNG.run(AbstractRemoteTestNG.java:114)at org.testng.remote.RemoteTestNG.initAndRun(RemoteTestNG.java:251)at org.testng.remote.RemoteTestNG.main(RemoteTestNG.java:77)]]>
            </full-stacktrace>
          </exception> <!-- java.lang.AssertionError -->
          <reporter-output>
          </reporter-output>
        </test-method> <!-- testSearchForLink -->
        <test-method status="PASS" signature="afterMethod()[pri:0, instance:tests.TestSet@1be2019a]" name="afterMethod" is-config="true" duration-ms="0" started-at="2018-06-18T12:08:37Z" finished-at="2018-06-18T12:08:37Z">
          <reporter-output>
          </reporter-output>
        </test-method> <!-- afterMethod -->
        <test-method status="PASS" signature="tearDown()[pri:0, instance:tests.TestSet@1be2019a]" name="tearDown" is-config="true" duration-ms="2098" started-at="2018-06-18T12:08:37Z" finished-at="2018-06-18T12:08:39Z">
          <reporter-output>
          </reporter-output>
        </test-method> <!-- tearDown -->
      </class> <!-- tests.TestSet -->
    </test> <!-- Default test -->
  </suite> <!-- Default suite -->
</testng-results>
